android/app/build/intermediates/manifest_merge_blame_file/release/manifest-merger-blame-release-report.txt
1<?xml version="1.0" encoding="utf-8"?>
2<manifest xmlns:android="http://schemas.android.com/apk/res/android"
3    package="com.licioustest"
4    android:versionCode="1"
5    android:versionName="1.0" >
6
7    <uses-sdk
8        android:minSdkVersion="21"
8-->src/main/AndroidManifest.xml
9        android:targetSdkVersion="33" />
9-->src/main/AndroidManifest.xml
10
11    <uses-permission android:name="android.permission.INTERNET" />
11-->src/main/AndroidManifest.xml:3:5-67
11-->src/main/AndroidManifest.xml:3:22-64
12    <uses-permission android:name="android.permission.ACCESS_NETWORK_STATE" />
12-->[:react-native-community_netinfo] AndroidManifest.xml:7:5-79
12-->[:react-native-community_netinfo] AndroidManifest.xml:7:22-76
13    <uses-permission android:name="android.permission.ACCESS_WIFI_STATE" />
13-->[:react-native-community_netinfo] AndroidManifest.xml:8:5-76
13-->[:react-native-community_netinfo] AndroidManifest.xml:8:22-73
14
15    <application
15-->src/main/AndroidManifest.xml:5:5-24:19
16        android:name="com.licioustest.MainApplication"
16-->src/main/AndroidManifest.xml:6:7-38
17        android:allowBackup="false"
17-->src/main/AndroidManifest.xml:10:7-34
18        android:appComponentFactory="androidx.core.app.CoreComponentFactory"
18-->[androidx.core:core:1.8.0] AndroidManifest.xml:24:18-86
19        android:icon="@mipmap/ic_launcher"
19-->src/main/AndroidManifest.xml:8:7-41
20        android:label="@string/app_name"
20-->src/main/AndroidManifest.xml:7:7-39
21        android:theme="@style/AppTheme" >
21-->src/main/AndroidManifest.xml:11:7-38
22        <activity
22-->src/main/AndroidManifest.xml:12:7-23:18
23            android:name="com.licioustest.MainActivity"
23-->src/main/AndroidManifest.xml:13:9-37
24            android:configChanges="keyboard|keyboardHidden|orientation|screenLayout|screenSize|smallestScreenSize|uiMode"
24-->src/main/AndroidManifest.xml:15:9-118
25            android:exported="true"
25-->src/main/AndroidManifest.xml:18:9-32
26            android:label="@string/app_name"
26-->src/main/AndroidManifest.xml:14:9-41
27            android:launchMode="singleTask"
27-->src/main/AndroidManifest.xml:16:9-40
28            android:windowSoftInputMode="adjustResize" >
28-->src/main/AndroidManifest.xml:17:9-51
29            <intent-filter>
29-->src/main/AndroidManifest.xml:19:9-22:25
30                <action android:name="android.intent.action.MAIN" />
30-->src/main/AndroidManifest.xml:20:13-65
30-->src/main/AndroidManifest.xml:20:21-62
31
32                <category android:name="android.intent.category.LAUNCHER" />
32-->src/main/AndroidManifest.xml:21:13-73
32-->src/main/AndroidManifest.xml:21:23-70
33            </intent-filter>
34        </activity>
35
36        <provider
36-->[androidx.emoji2:emoji2:1.2.0] AndroidManifest.xml:24:9-32:20
37            android:name="androidx.startup.InitializationProvider"
37-->[androidx.emoji2:emoji2:1.2.0] AndroidManifest.xml:25:13-67
38            android:authorities="com.licioustest.androidx-startup"
38-->[androidx.emoji2:emoji2:1.2.0] AndroidManifest.xml:26:13-68
39            android:exported="false" >
39-->[androidx.emoji2:emoji2:1.2.0] AndroidManifest.xml:27:13-37
40            <meta-data
40-->[androidx.emoji2:emoji2:1.2.0] AndroidManifest.xml:29:13-31:52
41                android:name="androidx.emoji2.text.EmojiCompatInitializer"
41-->[androidx.emoji2:emoji2:1.2.0] AndroidManifest.xml:30:17-75
42                android:value="androidx.startup" />
42-->[androidx.emoji2:emoji2:1.2.0] AndroidManifest.xml:31:17-49
43            <meta-data
43-->[androidx.lifecycle:lifecycle-process:2.4.1] AndroidManifest.xml:31:13-33:52
44                android:name="androidx.lifecycle.ProcessLifecycleInitializer"
44-->[androidx.lifecycle:lifecycle-process:2.4.1] AndroidManifest.xml:32:17-78
45                android:value="androidx.startup" />
45-->[androidx.lifecycle:lifecycle-process:2.4.1] AndroidManifest.xml:33:17-49
46        </provider>
47
48        <meta-data
48-->[com.facebook.soloader:soloader:0.10.5] AndroidManifest.xml:12:9-14:37
49            android:name="com.facebook.soloader.enabled"
49-->[com.facebook.soloader:soloader:0.10.5] AndroidManifest.xml:13:13-57
50            android:value="false" />
50-->[com.facebook.soloader:soloader:0.10.5] AndroidManifest.xml:14:13-34
51
52        <activity
52-->[com.jakewharton:process-phoenix:2.1.2] AndroidManifest.xml:8:9-12:75
53            android:name="com.jakewharton.processphoenix.ProcessPhoenix"
53-->[com.jakewharton:process-phoenix:2.1.2] AndroidManifest.xml:9:13-73
54            android:exported="false"
54-->[com.jakewharton:process-phoenix:2.1.2] AndroidManifest.xml:10:13-37
55            android:process=":phoenix"
55-->[com.jakewharton:process-phoenix:2.1.2] AndroidManifest.xml:11:13-39
56            android:theme="@android:style/Theme.Translucent.NoTitleBar" />
56-->[com.jakewharton:process-phoenix:2.1.2] AndroidManifest.xml:12:13-72
57    </application>
58
59</manifest> <!-- android:roundIcon="@mipmap/ic_launcher_round" -->